{"C:\\Users\\Marco\\Desktop\\Last Try\\lastTry\\test\\pi.js":{"path":"C:\\Users\\Marco\\Desktop\\Last Try\\lastTry\\test\\pi.js","s":{"1":1,"2":1,"3":1,"4":0,"5":0,"6":0,"7":0,"8":0,"9":0,"10":0,"11":0,"12":0,"13":0,"14":0,"15":0,"16":0,"17":0,"18":0,"19":0,"20":0,"21":0,"22":0,"23":0,"24":0,"25":0,"26":0,"27":0},"b":{},"f":{"1":0,"2":0,"3":0,"4":0,"5":0,"6":0,"7":0},"fnMap":{"1":{"name":"(anonymous_1)","line":4,"loc":{"start":{"line":4,"column":16},"end":{"line":4,"column":27}}},"2":{"name":"(anonymous_2)","line":7,"loc":{"start":{"line":7,"column":26},"end":{"line":7,"column":37}}},"3":{"name":"(anonymous_3)","line":8,"loc":{"start":{"line":8,"column":49},"end":{"line":8,"column":59}}},"4":{"name":"(anonymous_4)","line":14,"loc":{"start":{"line":14,"column":61},"end":{"line":14,"column":72}}},"5":{"name":"(anonymous_5)","line":21,"loc":{"start":{"line":21,"column":64},"end":{"line":21,"column":75}}},"6":{"name":"(anonymous_6)","line":28,"loc":{"start":{"line":28,"column":64},"end":{"line":28,"column":75}}},"7":{"name":"(anonymous_7)","line":35,"loc":{"start":{"line":35,"column":56},"end":{"line":35,"column":66}}}},"statementMap":{"1":{"start":{"line":1,"column":0},"end":{"line":1,"column":37}},"2":{"start":{"line":2,"column":0},"end":{"line":2,"column":38}},"3":{"start":{"line":4,"column":0},"end":{"line":42,"column":3}},"4":{"start":{"line":7,"column":4},"end":{"line":40,"column":3}},"5":{"start":{"line":8,"column":8},"end":{"line":12,"column":11}},"6":{"start":{"line":9,"column":12},"end":{"line":9,"column":34}},"7":{"start":{"line":10,"column":12},"end":{"line":10,"column":60}},"8":{"start":{"line":11,"column":12},"end":{"line":11,"column":63}},"9":{"start":{"line":14,"column":8},"end":{"line":20,"column":5}},"10":{"start":{"line":15,"column":3},"end":{"line":15,"column":19}},"11":{"start":{"line":17,"column":3},"end":{"line":17,"column":41}},"12":{"start":{"line":18,"column":12},"end":{"line":18,"column":32}},"13":{"start":{"line":19,"column":12},"end":{"line":19,"column":58}},"14":{"start":{"line":21,"column":12},"end":{"line":27,"column":5}},"15":{"start":{"line":22,"column":3},"end":{"line":22,"column":18}},"16":{"start":{"line":24,"column":3},"end":{"line":24,"column":40}},"17":{"start":{"line":25,"column":12},"end":{"line":25,"column":32}},"18":{"start":{"line":26,"column":12},"end":{"line":26,"column":58}},"19":{"start":{"line":28,"column":12},"end":{"line":34,"column":5}},"20":{"start":{"line":29,"column":3},"end":{"line":29,"column":18}},"21":{"start":{"line":31,"column":3},"end":{"line":31,"column":40}},"22":{"start":{"line":32,"column":12},"end":{"line":32,"column":32}},"23":{"start":{"line":33,"column":12},"end":{"line":33,"column":58}},"24":{"start":{"line":35,"column":12},"end":{"line":39,"column":11}},"25":{"start":{"line":36,"column":12},"end":{"line":36,"column":34}},"26":{"start":{"line":37,"column":12},"end":{"line":37,"column":62}},"27":{"start":{"line":38,"column":12},"end":{"line":38,"column":63}}},"branchMap":{}}}